<?xml version="1.0" encoding="UTF-8"?>
<!-- Generated by org.testng.reporters.JUnitReportReporter -->
<testsuite skipped="0" hostname="DESKTOP-H6OT06O" name="AppTest.NumberComparision" tests="1" failures="0" timestamp="13 Oct 2021 07:14:48 GMT" time="0.009" errors="0">
  <testcase name="f" time="0.009" classname="AppTest.NumberComparision"/>
</testsuite> <!-- AppTest.NumberComparision -->
