<?xml version="1.0" encoding="UTF-8"?>
<!-- Generated by org.testng.reporters.JUnitReportReporter -->
<testsuite skipped="0" hostname="DESKTOP-H6OT06O" name="AppTest.AppTestDemo" tests="2" failures="0" timestamp="13 Oct 2021 05:38:46 GMT" time="0.035" errors="0">
  <testcase name="loginTestWithInvalid" time="0.005" classname="AppTest.AppTestDemo"/>
  <testcase name="loginTest" time="0.030" classname="AppTest.AppTestDemo"/>
</testsuite> <!-- AppTest.AppTestDemo -->
