<?xml version="1.0" encoding="UTF-8"?>
<!-- Generated by org.testng.reporters.JUnitReportReporter -->
<testsuite skipped="0" hostname="DESKTOP-H6OT06O" name="AppTest.AppTest" tests="2" failures="0" timestamp="13 Oct 2021 07:05:12 GMT" time="0.017" errors="0">
  <testcase name="loginTestWithInvalid" time="0.001" classname="AppTest.AppTest"/>
  <testcase name="loginTest" time="0.016" classname="AppTest.AppTest"/>
</testsuite> <!-- AppTest.AppTest -->
