<?xml version="1.0" encoding="UTF-8"?>
<!-- Generated by org.testng.reporters.JUnitReportReporter -->
<testsuite hostname="DESKTOP-H6OT06O" failures="0" tests="1" name="AppTest.SeleniumDev" time="3.114" errors="0" timestamp="13 Oct 2021 09:31:48 GMT" skipped="0">
  <testcase classname="AppTest.SeleniumDev" name="titleTitle" time="3.114"/>
</testsuite> <!-- AppTest.SeleniumDev -->
