<?xml version="1.0" encoding="UTF-8"?>
<!-- Generated by org.testng.reporters.JUnitReportReporter -->
<testsuite hostname="DESKTOP-H6OT06O" failures="0" tests="1" name="AppTest.NumberComparision" time="0.000" errors="0" timestamp="13 Oct 2021 09:31:48 GMT" skipped="0">
  <testcase classname="AppTest.NumberComparision" name="f" time="0.000"/>
</testsuite> <!-- AppTest.NumberComparision -->
