<?xml version="1.0" encoding="UTF-8"?>
<!-- Generated by org.testng.reporters.JUnitReportReporter -->
<testsuite hostname="DESKTOP-H6OT06O" failures="0" tests="4" name="AppTest.AppTest" time="0.029" errors="0" timestamp="13 Oct 2021 09:31:48 GMT" skipped="0">
  <testcase classname="AppTest.AppTest" name="loginTestWithInvalid" time="0.001"/>
  <testcase classname="AppTest.AppTest" name="loginTestWithInvalid" time="0.001"/>
  <testcase classname="AppTest.AppTest" name="loginTest" time="0.001"/>
  <testcase classname="AppTest.AppTest" name="loginTest" time="0.026"/>
</testsuite> <!-- AppTest.AppTest -->
